{
  "RSpec": {
    "coverage": {
      "/Users/arabellaknowles/Projects/bookmark-manager-directories/bookmark-wednesday/spec/bookmarks_spec.rb": {
        "lines": [
          1,
          null,
          1,
          1,
          1,
          1,
          1,
          1,
          null,
          1,
          null,
          1,
          null,
          null,
          null,
          null,
          null,
          null,
          1,
          1,
          1,
          1,
          1,
          null,
          null,
          null,
          null
        ]
      },
      "/Users/arabellaknowles/Projects/bookmark-manager-directories/bookmark-wednesday/spec/features/view_bookmarks_spec.rb": {
        "lines": [
          1,
          null,
          1,
          1,
          1,
          1,
          1,
          null,
          1,
          null,
          1,
          1,
          1,
          null,
          null,
          null,
          1,
          1,
          1,
          1,
          1,
          1,
          1,
          null,
          null,
          null,
          1,
          1,
          1,
          1,
          1,
          null,
          1,
          null,
          1,
          1,
          1,
          null,
          null
        ]
      }
    },
    "timestamp": 1603467741
  }
}
